{"C:\\Users\\joshe\\mercado_libre\\server\\src\\app.js": {"path":"C:\\Users\\joshe\\mercado_libre\\server\\src\\app.js","statementMap":{"0":{"start":{"line":2,"column":16},"end":{"line":2,"column":34}},"1":{"start":{"line":3,"column":13},"end":{"line":3,"column":28}},"2":{"start":{"line":4,"column":12},"end":{"line":4,"column":21}},"3":{"start":{"line":15,"column":0},"end":{"line":19,"column":1}},"4":{"start":{"line":20,"column":0},"end":{"line":23,"column":2}},"5":{"start":{"line":21,"column":4},"end":{"line":21,"column":37}},"6":{"start":{"line":22,"column":4},"end":{"line":22,"column":10}},"7":{"start":{"line":25,"column":0},"end":{"line":25,"column":41}},"8":{"start":{"line":32,"column":0},"end":{"line":32,"column":20}}},"fnMap":{"0":{"name":"(anonymous_0)","decl":{"start":{"line":20,"column":8},"end":{"line":20,"column":9}},"loc":{"start":{"line":20,"column":26},"end":{"line":23,"column":1}},"line":20}},"branchMap":{},"s":{"0":1,"1":1,"2":1,"3":1,"4":1,"5":1,"6":1,"7":1,"8":1},"f":{"0":1},"b":{},"_coverageSchema":"1a1c01bbd47fc00a2c39e90264f33305004495a9","hash":"f9d9bf1b1c90e43ac6b537a2ad09101bc29b7280"}
,"C:\\Users\\joshe\\mercado_libre\\server\\src\\controllers\\index.controller.js": {"path":"C:\\Users\\joshe\\mercado_libre\\server\\src\\controllers\\index.controller.js","statementMap":{"0":{"start":{"line":1,"column":14},"end":{"line":1,"column":30}},"1":{"start":{"line":2,"column":20},"end":{"line":2,"column":51}},"2":{"start":{"line":4,"column":19},"end":{"line":4,"column":21}},"3":{"start":{"line":6,"column":20},"end":{"line":6,"column":61}},"4":{"start":{"line":7,"column":18},"end":{"line":7,"column":55}},"5":{"start":{"line":10,"column":0},"end":{"line":52,"column":1}},"6":{"start":{"line":11,"column":4},"end":{"line":11,"column":43}},"7":{"start":{"line":13,"column":4},"end":{"line":51,"column":38}},"8":{"start":{"line":15,"column":8},"end":{"line":15,"column":30}},"9":{"start":{"line":16,"column":26},"end":{"line":16,"column":30}},"10":{"start":{"line":17,"column":8},"end":{"line":17,"column":22}},"11":{"start":{"line":18,"column":8},"end":{"line":18,"column":79}},"12":{"start":{"line":19,"column":8},"end":{"line":48,"column":9}},"13":{"start":{"line":20,"column":12},"end":{"line":22,"column":15}},"14":{"start":{"line":21,"column":16},"end":{"line":21,"column":38}},"15":{"start":{"line":25,"column":29},"end":{"line":25,"column":31}},"16":{"start":{"line":27,"column":29},"end":{"line":40,"column":17}},"17":{"start":{"line":41,"column":12},"end":{"line":45,"column":14}},"18":{"start":{"line":51,"column":21},"end":{"line":51,"column":36}},"19":{"start":{"line":53,"column":0},"end":{"line":101,"column":1}},"20":{"start":{"line":54,"column":8},"end":{"line":54,"column":50}},"21":{"start":{"line":55,"column":8},"end":{"line":100,"column":42}},"22":{"start":{"line":57,"column":36},"end":{"line":57,"column":38}},"23":{"start":{"line":58,"column":12},"end":{"line":58,"column":26}},"24":{"start":{"line":60,"column":12},"end":{"line":65,"column":14}},"25":{"start":{"line":62,"column":34},"end":{"line":62,"column":93}},"26":{"start":{"line":63,"column":20},"end":{"line":63,"column":52}},"27":{"start":{"line":67,"column":12},"end":{"line":97,"column":13}},"28":{"start":{"line":68,"column":16},"end":{"line":70,"column":19}},"29":{"start":{"line":69,"column":20},"end":{"line":69,"column":62}},"30":{"start":{"line":74,"column":33},"end":{"line":74,"column":35}},"31":{"start":{"line":76,"column":16},"end":{"line":89,"column":18}},"32":{"start":{"line":77,"column":20},"end":{"line":88,"column":22}},"33":{"start":{"line":90,"column":16},"end":{"line":94,"column":18}},"34":{"start":{"line":100,"column":25},"end":{"line":100,"column":40}},"35":{"start":{"line":103,"column":0},"end":{"line":107,"column":1}},"36":{"start":{"line":104,"column":4},"end":{"line":104,"column":43}},"37":{"start":{"line":105,"column":27},"end":{"line":105,"column":39}},"38":{"start":{"line":110,"column":0},"end":{"line":110,"column":27}}},"fnMap":{"0":{"name":"(anonymous_0)","decl":{"start":{"line":10,"column":18},"end":{"line":10,"column":19}},"loc":{"start":{"line":10,"column":30},"end":{"line":52,"column":1}},"line":10},"1":{"name":"(anonymous_1)","decl":{"start":{"line":14,"column":10},"end":{"line":14,"column":11}},"loc":{"start":{"line":14,"column":22},"end":{"line":50,"column":5}},"line":14},"2":{"name":"(anonymous_2)","decl":{"start":{"line":19,"column":35},"end":{"line":19,"column":36}},"loc":{"start":{"line":19,"column":54},"end":{"line":24,"column":9}},"line":19},"3":{"name":"(anonymous_3)","decl":{"start":{"line":20,"column":28},"end":{"line":20,"column":29}},"loc":{"start":{"line":20,"column":43},"end":{"line":22,"column":13}},"line":20},"4":{"name":"(anonymous_4)","decl":{"start":{"line":24,"column":16},"end":{"line":24,"column":17}},"loc":{"start":{"line":24,"column":20},"end":{"line":46,"column":9}},"line":24},"5":{"name":"(anonymous_5)","decl":{"start":{"line":51,"column":11},"end":{"line":51,"column":12}},"loc":{"start":{"line":51,"column":20},"end":{"line":51,"column":37}},"line":51},"6":{"name":"(anonymous_6)","decl":{"start":{"line":53,"column":19},"end":{"line":53,"column":20}},"loc":{"start":{"line":53,"column":31},"end":{"line":101,"column":1}},"line":53},"7":{"name":"(anonymous_7)","decl":{"start":{"line":56,"column":14},"end":{"line":56,"column":15}},"loc":{"start":{"line":56,"column":26},"end":{"line":99,"column":9}},"line":56},"8":{"name":"(anonymous_8)","decl":{"start":{"line":61,"column":17},"end":{"line":61,"column":18}},"loc":{"start":{"line":61,"column":33},"end":{"line":64,"column":17}},"line":61},"9":{"name":"(anonymous_9)","decl":{"start":{"line":67,"column":39},"end":{"line":67,"column":40}},"loc":{"start":{"line":67,"column":58},"end":{"line":72,"column":13}},"line":67},"10":{"name":"(anonymous_10)","decl":{"start":{"line":68,"column":32},"end":{"line":68,"column":33}},"loc":{"start":{"line":68,"column":52},"end":{"line":70,"column":17}},"line":68},"11":{"name":"(anonymous_11)","decl":{"start":{"line":72,"column":20},"end":{"line":72,"column":21}},"loc":{"start":{"line":72,"column":24},"end":{"line":95,"column":13}},"line":72},"12":{"name":"(anonymous_12)","decl":{"start":{"line":76,"column":46},"end":{"line":76,"column":47}},"loc":{"start":{"line":76,"column":54},"end":{"line":89,"column":17}},"line":76},"13":{"name":"(anonymous_13)","decl":{"start":{"line":100,"column":15},"end":{"line":100,"column":16}},"loc":{"start":{"line":100,"column":24},"end":{"line":100,"column":41}},"line":100},"14":{"name":"(anonymous_14)","decl":{"start":{"line":103,"column":18},"end":{"line":103,"column":19}},"loc":{"start":{"line":103,"column":32},"end":{"line":107,"column":1}},"line":103}},"branchMap":{},"s":{"0":1,"1":1,"2":1,"3":1,"4":1,"5":1,"6":0,"7":0,"8":0,"9":0,"10":0,"11":0,"12":0,"13":0,"14":0,"15":0,"16":0,"17":0,"18":0,"19":1,"20":0,"21":0,"22":0,"23":0,"24":0,"25":0,"26":0,"27":0,"28":0,"29":0,"30":0,"31":0,"32":0,"33":0,"34":0,"35":1,"36":1,"37":1,"38":1},"f":{"0":0,"1":0,"2":0,"3":0,"4":0,"5":0,"6":0,"7":0,"8":0,"9":0,"10":0,"11":0,"12":0,"13":0,"14":1},"b":{},"_coverageSchema":"1a1c01bbd47fc00a2c39e90264f33305004495a9","hash":"588d8c40684e1be09dfaebc34834eb67c6ce8568"}
,"C:\\Users\\joshe\\mercado_libre\\server\\src\\middlewares\\index.middleware.js": {"path":"C:\\Users\\joshe\\mercado_libre\\server\\src\\middlewares\\index.middleware.js","statementMap":{"0":{"start":{"line":1,"column":19},"end":{"line":1,"column":21}},"1":{"start":{"line":3,"column":0},"end":{"line":10,"column":1}},"2":{"start":{"line":4,"column":4},"end":{"line":7,"column":5}},"3":{"start":{"line":9,"column":4},"end":{"line":9,"column":11}},"4":{"start":{"line":12,"column":0},"end":{"line":12,"column":27}}},"fnMap":{"0":{"name":"(anonymous_0)","decl":{"start":{"line":3,"column":20},"end":{"line":3,"column":21}},"loc":{"start":{"line":3,"column":46},"end":{"line":10,"column":1}},"line":3}},"branchMap":{},"s":{"0":1,"1":1,"2":1,"3":1,"4":1},"f":{"0":1},"b":{},"_coverageSchema":"1a1c01bbd47fc00a2c39e90264f33305004495a9","hash":"4b8b6d661f380d082b9feaf43921f199da9c9fce"}
,"C:\\Users\\joshe\\mercado_libre\\server\\src\\routes\\index.routes.js": {"path":"C:\\Users\\joshe\\mercado_libre\\server\\src\\routes\\index.routes.js","statementMap":{"0":{"start":{"line":2,"column":16},"end":{"line":2,"column":34}},"1":{"start":{"line":3,"column":15},"end":{"line":3,"column":31}},"2":{"start":{"line":4,"column":19},"end":{"line":4,"column":61}},"3":{"start":{"line":5,"column":19},"end":{"line":5,"column":61}},"4":{"start":{"line":9,"column":0},"end":{"line":9,"column":58}},"5":{"start":{"line":10,"column":0},"end":{"line":10,"column":61}},"6":{"start":{"line":11,"column":0},"end":{"line":11,"column":56}},"7":{"start":{"line":13,"column":0},"end":{"line":13,"column":23}}},"fnMap":{},"branchMap":{},"s":{"0":1,"1":1,"2":1,"3":1,"4":1,"5":1,"6":1,"7":1},"f":{},"b":{},"_coverageSchema":"1a1c01bbd47fc00a2c39e90264f33305004495a9","hash":"a20bc98aa0b954f9f5d9149791d84c0bda15130f"}
,"C:\\Users\\joshe\\mercado_libre\\server\\src\\services\\service.js": {"path":"C:\\Users\\joshe\\mercado_libre\\server\\src\\services\\service.js","statementMap":{"0":{"start":{"line":2,"column":14},"end":{"line":2,"column":30}},"1":{"start":{"line":4,"column":16},"end":{"line":8,"column":1}},"2":{"start":{"line":5,"column":16},"end":{"line":5,"column":36}},"3":{"start":{"line":6,"column":4},"end":{"line":6,"column":43}},"4":{"start":{"line":7,"column":4},"end":{"line":7,"column":15}},"5":{"start":{"line":10,"column":0},"end":{"line":12,"column":1}}},"fnMap":{"0":{"name":"(anonymous_0)","decl":{"start":{"line":4,"column":16},"end":{"line":4,"column":17}},"loc":{"start":{"line":4,"column":31},"end":{"line":8,"column":1}},"line":4}},"branchMap":{},"s":{"0":1,"1":1,"2":1,"3":1,"4":1,"5":1},"f":{"0":1},"b":{},"_coverageSchema":"1a1c01bbd47fc00a2c39e90264f33305004495a9","hash":"bddab6c95c3ee068504f3e232e40ea3dfb518e2b"}
}
