<?xml version="1.0" encoding="UTF-8"?>
<coverage generated="1686451698335" clover="3.2.0">
  <project timestamp="1686451698335" name="All files">
    <metrics statements="45" coveredstatements="39" conditionals="12" coveredconditionals="10" methods="20" coveredmethods="14" elements="77" coveredelements="63" complexity="0" loc="45" ncloc="45" packages="2" files="4" classes="4"/>
    <package name="src">
      <metrics statements="2" coveredstatements="2" conditionals="0" coveredconditionals="0" methods="1" coveredmethods="1"/>
      <file name="App.js" path="C:\Users\joshe\mercado_libre\client\src\App.js">
        <metrics statements="2" coveredstatements="2" conditionals="0" coveredconditionals="0" methods="1" coveredmethods="1"/>
        <line num="13" count="1" type="stmt"/>
        <line num="15" count="1" type="stmt"/>
      </file>
    </package>
    <package name="src.components">
      <metrics statements="43" coveredstatements="37" conditionals="12" coveredconditionals="10" methods="19" coveredmethods="13"/>
      <file name="ItemDetail.js" path="C:\Users\joshe\mercado_libre\client\src\components\ItemDetail.js">
        <metrics statements="14" coveredstatements="13" conditionals="6" coveredconditionals="5" methods="5" coveredmethods="4"/>
        <line num="6" count="2" type="stmt"/>
        <line num="8" count="3" type="stmt"/>
        <line num="9" count="3" type="stmt"/>
        <line num="10" count="3" type="stmt"/>
        <line num="12" count="3" type="stmt"/>
        <line num="14" count="3" type="stmt"/>
        <line num="15" count="2" type="stmt"/>
        <line num="17" count="2" type="cond" truecount="2" falsecount="0"/>
        <line num="18" count="1" type="stmt"/>
        <line num="19" count="1" type="stmt"/>
        <line num="22" count="0" type="stmt"/>
        <line num="25" count="3" type="stmt"/>
        <line num="26" count="2" type="stmt"/>
        <line num="29" count="3" type="stmt"/>
      </file>
      <file name="Search.js" path="C:\Users\joshe\mercado_libre\client\src\components\Search.js">
        <metrics statements="9" coveredstatements="8" conditionals="0" coveredconditionals="0" methods="3" coveredmethods="2"/>
        <line num="6" count="3" type="stmt"/>
        <line num="8" count="6" type="stmt"/>
        <line num="9" count="6" type="stmt"/>
        <line num="10" count="6" type="stmt"/>
        <line num="13" count="0" type="stmt"/>
        <line num="17" count="1" type="stmt"/>
        <line num="18" count="1" type="stmt"/>
        <line num="19" count="1" type="stmt"/>
        <line num="22" count="6" type="stmt"/>
      </file>
      <file name="SearchResponse.js" path="C:\Users\joshe\mercado_libre\client\src\components\SearchResponse.js">
        <metrics statements="20" coveredstatements="16" conditionals="6" coveredconditionals="5" methods="11" coveredmethods="7"/>
        <line num="5" count="2" type="stmt"/>
        <line num="7" count="8" type="stmt"/>
        <line num="8" count="8" type="stmt"/>
        <line num="10" count="8" type="stmt"/>
        <line num="11" count="8" type="stmt"/>
        <line num="13" count="8" type="stmt"/>
        <line num="15" count="8" type="stmt"/>
        <line num="16" count="4" type="stmt"/>
        <line num="18" count="4" type="stmt"/>
        <line num="20" count="0" type="stmt"/>
        <line num="23" count="8" type="stmt"/>
        <line num="24" count="4" type="stmt"/>
        <line num="27" count="8" type="stmt"/>
        <line num="28" count="1" type="stmt"/>
        <line num="31" count="8" type="stmt"/>
        <line num="39" count="8" type="stmt"/>
        <line num="43" count="1" type="stmt"/>
        <line num="46" count="0" type="stmt"/>
        <line num="47" count="0" type="stmt"/>
        <line num="48" count="0" type="stmt"/>
      </file>
    </package>
  </project>
</coverage>
