<?xml version="1.0" encoding="UTF-8"?>
<coverage generated="1686453054559" clover="3.2.0">
  <project timestamp="1686453054559" name="All files">
    <metrics statements="43" coveredstatements="37" conditionals="12" coveredconditionals="10" methods="19" coveredmethods="13" elements="74" coveredelements="60" complexity="0" loc="43" ncloc="43" packages="1" files="3" classes="3"/>
    <file name="ItemDetail.js" path="C:\Users\joshe\mercado_libre\client\src\components\ItemDetail.js">
      <metrics statements="14" coveredstatements="13" conditionals="6" coveredconditionals="5" methods="5" coveredmethods="4"/>
      <line num="6" count="1" type="stmt"/>
      <line num="8" count="3" type="stmt"/>
      <line num="9" count="3" type="stmt"/>
      <line num="10" count="3" type="stmt"/>
      <line num="12" count="3" type="stmt"/>
      <line num="14" count="3" type="stmt"/>
      <line num="15" count="2" type="stmt"/>
      <line num="17" count="2" type="cond" truecount="2" falsecount="0"/>
      <line num="18" count="1" type="stmt"/>
      <line num="19" count="1" type="stmt"/>
      <line num="22" count="0" type="stmt"/>
      <line num="25" count="3" type="stmt"/>
      <line num="26" count="2" type="stmt"/>
      <line num="29" count="3" type="stmt"/>
    </file>
    <file name="Search.js" path="C:\Users\joshe\mercado_libre\client\src\components\Search.js">
      <metrics statements="9" coveredstatements="8" conditionals="0" coveredconditionals="0" methods="3" coveredmethods="2"/>
      <line num="6" count="2" type="stmt"/>
      <line num="8" count="5" type="stmt"/>
      <line num="9" count="5" type="stmt"/>
      <line num="10" count="5" type="stmt"/>
      <line num="13" count="0" type="stmt"/>
      <line num="17" count="1" type="stmt"/>
      <line num="18" count="1" type="stmt"/>
      <line num="19" count="1" type="stmt"/>
      <line num="22" count="5" type="stmt"/>
    </file>
    <file name="SearchResponse.js" path="C:\Users\joshe\mercado_libre\client\src\components\SearchResponse.js">
      <metrics statements="20" coveredstatements="16" conditionals="6" coveredconditionals="5" methods="11" coveredmethods="7"/>
      <line num="5" count="1" type="stmt"/>
      <line num="7" count="8" type="stmt"/>
      <line num="8" count="8" type="stmt"/>
      <line num="10" count="8" type="stmt"/>
      <line num="11" count="8" type="stmt"/>
      <line num="13" count="8" type="stmt"/>
      <line num="15" count="8" type="stmt"/>
      <line num="16" count="4" type="stmt"/>
      <line num="18" count="4" type="stmt"/>
      <line num="20" count="0" type="stmt"/>
      <line num="23" count="8" type="stmt"/>
      <line num="24" count="4" type="stmt"/>
      <line num="27" count="8" type="stmt"/>
      <line num="28" count="1" type="stmt"/>
      <line num="31" count="8" type="stmt"/>
      <line num="39" count="8" type="stmt"/>
      <line num="43" count="1" type="stmt"/>
      <line num="46" count="0" type="stmt"/>
      <line num="47" count="0" type="stmt"/>
      <line num="48" count="0" type="stmt"/>
    </file>
  </project>
</coverage>
