{"C:\\Users\\joshe\\mercado_libre\\client\\src\\App.js": {"path":"C:\\Users\\joshe\\mercado_libre\\client\\src\\App.js","statementMap":{"0":{"start":{"line":35,"column":18},"end":{"line":35,"column":48}},"1":{"start":{"line":109,"column":2},"end":{"line":131,"column":4}}},"fnMap":{"0":{"name":"App","decl":{"start":{"line":11,"column":9},"end":{"line":11,"column":12}},"loc":{"start":{"line":11,"column":15},"end":{"line":132,"column":1}},"line":11}},"branchMap":{},"s":{"0":3,"1":3},"f":{"0":3},"b":{},"_coverageSchema":"1a1c01bbd47fc00a2c39e90264f33305004495a9","hash":"37db791441311a73966babbdc77b46ac5aebf0ee"}
,"C:\\Users\\joshe\\mercado_libre\\client\\src\\components\\ItemComponent.js": {"path":"C:\\Users\\joshe\\mercado_libre\\client\\src\\components\\ItemComponent.js","statementMap":{"0":{"start":{"line":4,"column":29},"end":{"line":99,"column":1}},"1":{"start":{"line":6,"column":18},"end":{"line":6,"column":48}},"2":{"start":{"line":19,"column":2},"end":{"line":98,"column":3}}},"fnMap":{"0":{"name":"(anonymous_0)","decl":{"start":{"line":4,"column":29},"end":{"line":4,"column":30}},"loc":{"start":{"line":4,"column":41},"end":{"line":99,"column":1}},"line":4}},"branchMap":{},"s":{"0":0,"1":0,"2":0},"f":{"0":0},"b":{}}
,"C:\\Users\\joshe\\mercado_libre\\client\\src\\components\\Search.js": {"path":"C:\\Users\\joshe\\mercado_libre\\client\\src\\components\\Search.js","statementMap":{"0":{"start":{"line":6,"column":22},"end":{"line":82,"column":1}},"1":{"start":{"line":8,"column":21},"end":{"line":8,"column":34}},"2":{"start":{"line":9,"column":28},"end":{"line":9,"column":40}},"3":{"start":{"line":12,"column":8},"end":{"line":12,"column":32}},"4":{"start":{"line":16,"column":8},"end":{"line":16,"column":36}},"5":{"start":{"line":17,"column":8},"end":{"line":17,"column":27}},"6":{"start":{"line":18,"column":8},"end":{"line":18,"column":40}},"7":{"start":{"line":21,"column":4},"end":{"line":79,"column":5}}},"fnMap":{"0":{"name":"(anonymous_0)","decl":{"start":{"line":6,"column":22},"end":{"line":6,"column":23}},"loc":{"start":{"line":6,"column":28},"end":{"line":82,"column":1}},"line":6},"1":{"name":"handleChange","decl":{"start":{"line":11,"column":13},"end":{"line":11,"column":25}},"loc":{"start":{"line":11,"column":29},"end":{"line":13,"column":5}},"line":11},"2":{"name":"handleSubmit","decl":{"start":{"line":15,"column":13},"end":{"line":15,"column":25}},"loc":{"start":{"line":15,"column":29},"end":{"line":19,"column":5}},"line":15}},"branchMap":{},"s":{"0":2,"1":18,"2":16,"3":0,"4":0,"5":0,"6":0,"7":16},"f":{"0":18,"1":0,"2":0},"b":{},"_coverageSchema":"1a1c01bbd47fc00a2c39e90264f33305004495a9","hash":"253f78772da14c00ce2fac83ef3be55570c6ccc0"}
,"C:\\Users\\joshe\\mercado_libre\\client\\src\\components\\SearchResponse.js": {"path":"C:\\Users\\joshe\\mercado_libre\\client\\src\\components\\SearchResponse.js","statementMap":{"0":{"start":{"line":5,"column":30},"end":{"line":164,"column":1}},"1":{"start":{"line":11,"column":21},"end":{"line":11,"column":34}},"2":{"start":{"line":12,"column":44},"end":{"line":12,"column":61}},"3":{"start":{"line":14,"column":4},"end":{"line":14,"column":48}},"4":{"start":{"line":15,"column":19},"end":{"line":15,"column":45}},"5":{"start":{"line":16,"column":4},"end":{"line":16,"column":36}},"6":{"start":{"line":19,"column":22},"end":{"line":19,"column":59}},"7":{"start":{"line":23,"column":30},"end":{"line":23,"column":44}},"8":{"start":{"line":27,"column":23},"end":{"line":31,"column":5}},"9":{"start":{"line":28,"column":8},"end":{"line":30,"column":47}},"10":{"start":{"line":29,"column":27},"end":{"line":29,"column":53}},"11":{"start":{"line":30,"column":28},"end":{"line":30,"column":46}},"12":{"start":{"line":33,"column":40},"end":{"line":33,"column":55}},"13":{"start":{"line":34,"column":40},"end":{"line":34,"column":55}},"14":{"start":{"line":35,"column":42},"end":{"line":35,"column":57}},"15":{"start":{"line":37,"column":4},"end":{"line":39,"column":19}},"16":{"start":{"line":38,"column":8},"end":{"line":38,"column":36}},"17":{"start":{"line":41,"column":25},"end":{"line":44,"column":5}},"18":{"start":{"line":42,"column":8},"end":{"line":42,"column":42}},"19":{"start":{"line":43,"column":8},"end":{"line":43,"column":35}},"20":{"start":{"line":61,"column":4},"end":{"line":160,"column":5}},"21":{"start":{"line":136,"column":20},"end":{"line":151,"column":26}},"22":{"start":{"line":140,"column":139},"end":{"line":140,"column":155}},"23":{"start":{"line":143,"column":118},"end":{"line":143,"column":134}},"24":{"start":{"line":144,"column":134},"end":{"line":144,"column":150}},"25":{"start":{"line":145,"column":122},"end":{"line":145,"column":138}}},"fnMap":{"0":{"name":"(anonymous_0)","decl":{"start":{"line":5,"column":30},"end":{"line":5,"column":31}},"loc":{"start":{"line":5,"column":36},"end":{"line":164,"column":1}},"line":5},"1":{"name":"(anonymous_1)","decl":{"start":{"line":27,"column":23},"end":{"line":27,"column":24}},"loc":{"start":{"line":27,"column":32},"end":{"line":31,"column":5}},"line":27},"2":{"name":"(anonymous_2)","decl":{"start":{"line":29,"column":18},"end":{"line":29,"column":19}},"loc":{"start":{"line":29,"column":27},"end":{"line":29,"column":53}},"line":29},"3":{"name":"(anonymous_3)","decl":{"start":{"line":30,"column":19},"end":{"line":30,"column":20}},"loc":{"start":{"line":30,"column":28},"end":{"line":30,"column":46}},"line":30},"4":{"name":"(anonymous_4)","decl":{"start":{"line":37,"column":14},"end":{"line":37,"column":15}},"loc":{"start":{"line":37,"column":20},"end":{"line":39,"column":7}},"line":37},"5":{"name":"(anonymous_5)","decl":{"start":{"line":41,"column":25},"end":{"line":41,"column":26}},"loc":{"start":{"line":41,"column":35},"end":{"line":44,"column":5}},"line":41},"6":{"name":"(anonymous_6)","decl":{"start":{"line":135,"column":27},"end":{"line":135,"column":28}},"loc":{"start":{"line":136,"column":20},"end":{"line":151,"column":26}},"line":136},"7":{"name":"(anonymous_7)","decl":{"start":{"line":140,"column":133},"end":{"line":140,"column":134}},"loc":{"start":{"line":140,"column":139},"end":{"line":140,"column":155}},"line":140},"8":{"name":"(anonymous_8)","decl":{"start":{"line":143,"column":112},"end":{"line":143,"column":113}},"loc":{"start":{"line":143,"column":118},"end":{"line":143,"column":134}},"line":143},"9":{"name":"(anonymous_9)","decl":{"start":{"line":144,"column":128},"end":{"line":144,"column":129}},"loc":{"start":{"line":144,"column":134},"end":{"line":144,"column":150}},"line":144},"10":{"name":"(anonymous_10)","decl":{"start":{"line":145,"column":116},"end":{"line":145,"column":117}},"loc":{"start":{"line":145,"column":122},"end":{"line":145,"column":138}},"line":145}},"branchMap":{"0":{"loc":{"start":{"line":62,"column":8},"end":{"line":159,"column":28}},"type":"cond-expr","locations":[{"start":{"line":63,"column":12},"end":{"line":157,"column":30}},{"start":{"line":159,"column":8},"end":{"line":159,"column":28}}],"line":62},"1":{"loc":{"start":{"line":63,"column":12},"end":{"line":157,"column":30}},"type":"cond-expr","locations":[{"start":{"line":126,"column":12},"end":{"line":155,"column":14}},{"start":{"line":157,"column":12},"end":{"line":157,"column":30}}],"line":63},"2":{"loc":{"start":{"line":148,"column":114},"end":{"line":148,"column":160}},"type":"cond-expr","locations":[{"start":{"line":148,"column":133},"end":{"line":148,"column":147}},{"start":{"line":148,"column":148},"end":{"line":148,"column":160}}],"line":148}},"s":{"0":1,"1":0,"2":0,"3":0,"4":0,"5":0,"6":0,"7":0,"8":0,"9":0,"10":0,"11":0,"12":0,"13":0,"14":0,"15":0,"16":0,"17":0,"18":0,"19":0,"20":0,"21":0,"22":0,"23":0,"24":0,"25":0},"f":{"0":0,"1":0,"2":0,"3":0,"4":0,"5":0,"6":0,"7":0,"8":0,"9":0,"10":0},"b":{"0":[0,0],"1":[0,0],"2":[0,0]},"_coverageSchema":"1a1c01bbd47fc00a2c39e90264f33305004495a9","hash":"5af85abd68a11037bce4f8629e253d54188b6488"}
}
