{"C:\\Users\\joshe\\mercado_libre\\client\\src\\components\\ItemDetail.js": {"path":"C:\\Users\\joshe\\mercado_libre\\client\\src\\components\\ItemDetail.js","statementMap":{"0":{"start":{"line":6,"column":26},"end":{"line":122,"column":1}},"1":{"start":{"line":8,"column":14},"end":{"line":8,"column":25}},"2":{"start":{"line":9,"column":23},"end":{"line":9,"column":37}},"3":{"start":{"line":10,"column":35},"end":{"line":10,"column":49}},"4":{"start":{"line":12,"column":16},"end":{"line":12,"column":46}},"5":{"start":{"line":14,"column":23},"end":{"line":23,"column":3}},"6":{"start":{"line":15,"column":4},"end":{"line":22,"column":43}},"7":{"start":{"line":17,"column":12},"end":{"line":20,"column":13}},"8":{"start":{"line":18,"column":16},"end":{"line":18,"column":35}},"9":{"start":{"line":19,"column":16},"end":{"line":19,"column":47}},"10":{"start":{"line":22,"column":24},"end":{"line":22,"column":42}},"11":{"start":{"line":25,"column":2},"end":{"line":27,"column":9}},"12":{"start":{"line":26,"column":4},"end":{"line":26,"column":35}},"13":{"start":{"line":29,"column":2},"end":{"line":120,"column":3}}},"fnMap":{"0":{"name":"(anonymous_0)","decl":{"start":{"line":6,"column":26},"end":{"line":6,"column":27}},"loc":{"start":{"line":6,"column":32},"end":{"line":122,"column":1}},"line":6},"1":{"name":"(anonymous_1)","decl":{"start":{"line":14,"column":23},"end":{"line":14,"column":24}},"loc":{"start":{"line":14,"column":32},"end":{"line":23,"column":3}},"line":14},"2":{"name":"(anonymous_2)","decl":{"start":{"line":16,"column":14},"end":{"line":16,"column":15}},"loc":{"start":{"line":16,"column":21},"end":{"line":21,"column":9}},"line":16},"3":{"name":"(anonymous_3)","decl":{"start":{"line":22,"column":15},"end":{"line":22,"column":16}},"loc":{"start":{"line":22,"column":24},"end":{"line":22,"column":42}},"line":22},"4":{"name":"(anonymous_4)","decl":{"start":{"line":25,"column":12},"end":{"line":25,"column":13}},"loc":{"start":{"line":25,"column":18},"end":{"line":27,"column":3}},"line":25}},"branchMap":{"0":{"loc":{"start":{"line":17,"column":12},"end":{"line":20,"column":13}},"type":"if","locations":[{"start":{"line":17,"column":12},"end":{"line":20,"column":13}},{"start":{},"end":{}}],"line":17},"1":{"loc":{"start":{"line":31,"column":4},"end":{"line":118,"column":22}},"type":"cond-expr","locations":[{"start":{"line":32,"column":4},"end":{"line":116,"column":10}},{"start":{"line":118,"column":4},"end":{"line":118,"column":22}}],"line":31},"2":{"loc":{"start":{"line":33,"column":9},"end":{"line":114,"column":30}},"type":"cond-expr","locations":[{"start":{"line":34,"column":8},"end":{"line":112,"column":14}},{"start":{"line":114,"column":9},"end":{"line":114,"column":29}}],"line":33}},"s":{"0":1,"1":3,"2":3,"3":3,"4":3,"5":3,"6":2,"7":2,"8":1,"9":1,"10":0,"11":3,"12":2,"13":3},"f":{"0":3,"1":2,"2":2,"3":0,"4":2},"b":{"0":[1,1],"1":[1,2],"2":[1,0]},"_coverageSchema":"1a1c01bbd47fc00a2c39e90264f33305004495a9","hash":"2d6922155d52be09afc0530e46d6f24ae05c370d"}
,"C:\\Users\\joshe\\mercado_libre\\client\\src\\components\\Search.js": {"path":"C:\\Users\\joshe\\mercado_libre\\client\\src\\components\\Search.js","statementMap":{"0":{"start":{"line":6,"column":22},"end":{"line":86,"column":1}},"1":{"start":{"line":8,"column":21},"end":{"line":8,"column":34}},"2":{"start":{"line":9,"column":28},"end":{"line":9,"column":40}},"3":{"start":{"line":10,"column":38},"end":{"line":10,"column":50}},"4":{"start":{"line":13,"column":8},"end":{"line":13,"column":32}},"5":{"start":{"line":17,"column":8},"end":{"line":17,"column":27}},"6":{"start":{"line":18,"column":8},"end":{"line":18,"column":27}},"7":{"start":{"line":19,"column":8},"end":{"line":19,"column":40}},"8":{"start":{"line":22,"column":4},"end":{"line":83,"column":5}}},"fnMap":{"0":{"name":"(anonymous_0)","decl":{"start":{"line":6,"column":22},"end":{"line":6,"column":23}},"loc":{"start":{"line":6,"column":28},"end":{"line":86,"column":1}},"line":6},"1":{"name":"handleChange","decl":{"start":{"line":12,"column":13},"end":{"line":12,"column":25}},"loc":{"start":{"line":12,"column":29},"end":{"line":14,"column":5}},"line":12},"2":{"name":"handleSubmit","decl":{"start":{"line":16,"column":13},"end":{"line":16,"column":25}},"loc":{"start":{"line":16,"column":29},"end":{"line":20,"column":5}},"line":16}},"branchMap":{},"s":{"0":2,"1":5,"2":5,"3":5,"4":0,"5":1,"6":1,"7":1,"8":5},"f":{"0":5,"1":0,"2":1},"b":{},"_coverageSchema":"1a1c01bbd47fc00a2c39e90264f33305004495a9","hash":"fb0aac8b36111450d23e2b21c34e81c3ad4e9400"}
,"C:\\Users\\joshe\\mercado_libre\\client\\src\\components\\SearchResponse.js": {"path":"C:\\Users\\joshe\\mercado_libre\\client\\src\\components\\SearchResponse.js","statementMap":{"0":{"start":{"line":5,"column":30},"end":{"line":65,"column":1}},"1":{"start":{"line":7,"column":21},"end":{"line":7,"column":34}},"2":{"start":{"line":8,"column":44},"end":{"line":8,"column":61}},"3":{"start":{"line":10,"column":19},"end":{"line":10,"column":45}},"4":{"start":{"line":11,"column":30},"end":{"line":11,"column":44}},"5":{"start":{"line":13,"column":22},"end":{"line":13,"column":59}},"6":{"start":{"line":15,"column":23},"end":{"line":21,"column":5}},"7":{"start":{"line":16,"column":8},"end":{"line":20,"column":47}},"8":{"start":{"line":18,"column":16},"end":{"line":18,"column":42}},"9":{"start":{"line":20,"column":28},"end":{"line":20,"column":46}},"10":{"start":{"line":23,"column":4},"end":{"line":25,"column":17}},"11":{"start":{"line":24,"column":8},"end":{"line":24,"column":36}},"12":{"start":{"line":27,"column":23},"end":{"line":29,"column":5}},"13":{"start":{"line":28,"column":8},"end":{"line":28,"column":35}},"14":{"start":{"line":31,"column":4},"end":{"line":63,"column":5}},"15":{"start":{"line":39,"column":24},"end":{"line":54,"column":30}},"16":{"start":{"line":43,"column":166},"end":{"line":43,"column":182}},"17":{"start":{"line":46,"column":122},"end":{"line":46,"column":138}},"18":{"start":{"line":47,"column":138},"end":{"line":47,"column":154}},"19":{"start":{"line":48,"column":126},"end":{"line":48,"column":142}}},"fnMap":{"0":{"name":"(anonymous_0)","decl":{"start":{"line":5,"column":30},"end":{"line":5,"column":31}},"loc":{"start":{"line":5,"column":36},"end":{"line":65,"column":1}},"line":5},"1":{"name":"(anonymous_1)","decl":{"start":{"line":15,"column":23},"end":{"line":15,"column":24}},"loc":{"start":{"line":15,"column":38},"end":{"line":21,"column":5}},"line":15},"2":{"name":"(anonymous_2)","decl":{"start":{"line":17,"column":18},"end":{"line":17,"column":19}},"loc":{"start":{"line":17,"column":27},"end":{"line":19,"column":13}},"line":17},"3":{"name":"(anonymous_3)","decl":{"start":{"line":20,"column":19},"end":{"line":20,"column":20}},"loc":{"start":{"line":20,"column":28},"end":{"line":20,"column":46}},"line":20},"4":{"name":"(anonymous_4)","decl":{"start":{"line":23,"column":14},"end":{"line":23,"column":15}},"loc":{"start":{"line":23,"column":20},"end":{"line":25,"column":5}},"line":23},"5":{"name":"(anonymous_5)","decl":{"start":{"line":27,"column":23},"end":{"line":27,"column":24}},"loc":{"start":{"line":27,"column":33},"end":{"line":29,"column":5}},"line":27},"6":{"name":"(anonymous_6)","decl":{"start":{"line":38,"column":31},"end":{"line":38,"column":32}},"loc":{"start":{"line":39,"column":24},"end":{"line":54,"column":30}},"line":39},"7":{"name":"(anonymous_7)","decl":{"start":{"line":43,"column":160},"end":{"line":43,"column":161}},"loc":{"start":{"line":43,"column":166},"end":{"line":43,"column":182}},"line":43},"8":{"name":"(anonymous_8)","decl":{"start":{"line":46,"column":116},"end":{"line":46,"column":117}},"loc":{"start":{"line":46,"column":122},"end":{"line":46,"column":138}},"line":46},"9":{"name":"(anonymous_9)","decl":{"start":{"line":47,"column":132},"end":{"line":47,"column":133}},"loc":{"start":{"line":47,"column":138},"end":{"line":47,"column":154}},"line":47},"10":{"name":"(anonymous_10)","decl":{"start":{"line":48,"column":120},"end":{"line":48,"column":121}},"loc":{"start":{"line":48,"column":126},"end":{"line":48,"column":142}},"line":48}},"branchMap":{"0":{"loc":{"start":{"line":32,"column":8},"end":{"line":62,"column":28}},"type":"cond-expr","locations":[{"start":{"line":33,"column":12},"end":{"line":60,"column":30}},{"start":{"line":62,"column":8},"end":{"line":62,"column":28}}],"line":32},"1":{"loc":{"start":{"line":33,"column":12},"end":{"line":60,"column":30}},"type":"cond-expr","locations":[{"start":{"line":34,"column":12},"end":{"line":58,"column":18}},{"start":{"line":60,"column":12},"end":{"line":60,"column":30}}],"line":33},"2":{"loc":{"start":{"line":51,"column":118},"end":{"line":51,"column":164}},"type":"cond-expr","locations":[{"start":{"line":51,"column":137},"end":{"line":51,"column":151}},{"start":{"line":51,"column":152},"end":{"line":51,"column":164}}],"line":51}},"s":{"0":1,"1":8,"2":8,"3":8,"4":8,"5":8,"6":8,"7":4,"8":4,"9":0,"10":8,"11":4,"12":8,"13":1,"14":8,"15":8,"16":1,"17":0,"18":0,"19":0},"f":{"0":8,"1":4,"2":4,"3":0,"4":4,"5":1,"6":8,"7":1,"8":0,"9":0,"10":0},"b":{"0":[4,4],"1":[2,2],"2":[0,8]},"_coverageSchema":"1a1c01bbd47fc00a2c39e90264f33305004495a9","hash":"36509e590ed8dea6985271add2cf92cddabea4c9"}
}
