TN:
SF:src\App.js
FN:11,App
FNF:1
FNH:1
FNDA:1,App
DA:13,1
DA:15,1
LF:2
LH:2
BRF:0
BRH:0
end_of_record
TN:
SF:src\components\ItemDetail.js
FN:6,(anonymous_0)
FN:14,(anonymous_1)
FN:16,(anonymous_2)
FN:22,(anonymous_3)
FN:25,(anonymous_4)
FNF:5
FNH:4
FNDA:3,(anonymous_0)
FNDA:2,(anonymous_1)
FNDA:2,(anonymous_2)
FNDA:0,(anonymous_3)
FNDA:2,(anonymous_4)
DA:6,2
DA:8,3
DA:9,3
DA:10,3
DA:12,3
DA:14,3
DA:15,2
DA:17,2
DA:18,1
DA:19,1
DA:22,0
DA:25,3
DA:26,2
DA:29,3
LF:14
LH:13
BRDA:17,0,0,1
BRDA:17,0,1,1
BRDA:31,1,0,1
BRDA:31,1,1,2
BRDA:33,2,0,1
BRDA:33,2,1,0
BRF:6
BRH:5
end_of_record
TN:
SF:src\components\Search.js
FN:6,(anonymous_0)
FN:12,handleChange
FN:16,handleSubmit
FNF:3
FNH:2
FNDA:6,(anonymous_0)
FNDA:0,handleChange
FNDA:1,handleSubmit
DA:6,3
DA:8,6
DA:9,6
DA:10,6
DA:13,0
DA:17,1
DA:18,1
DA:19,1
DA:22,6
LF:9
LH:8
BRF:0
BRH:0
end_of_record
TN:
SF:src\components\SearchResponse.js
FN:5,(anonymous_0)
FN:15,(anonymous_1)
FN:17,(anonymous_2)
FN:20,(anonymous_3)
FN:23,(anonymous_4)
FN:27,(anonymous_5)
FN:38,(anonymous_6)
FN:43,(anonymous_7)
FN:46,(anonymous_8)
FN:47,(anonymous_9)
FN:48,(anonymous_10)
FNF:11
FNH:7
FNDA:8,(anonymous_0)
FNDA:4,(anonymous_1)
FNDA:4,(anonymous_2)
FNDA:0,(anonymous_3)
FNDA:4,(anonymous_4)
FNDA:1,(anonymous_5)
FNDA:8,(anonymous_6)
FNDA:1,(anonymous_7)
FNDA:0,(anonymous_8)
FNDA:0,(anonymous_9)
FNDA:0,(anonymous_10)
DA:5,2
DA:7,8
DA:8,8
DA:10,8
DA:11,8
DA:13,8
DA:15,8
DA:16,4
DA:18,4
DA:20,0
DA:23,8
DA:24,4
DA:27,8
DA:28,1
DA:31,8
DA:39,8
DA:43,1
DA:46,0
DA:47,0
DA:48,0
LF:20
LH:16
BRDA:32,0,0,4
BRDA:32,0,1,4
BRDA:33,1,0,2
BRDA:33,1,1,2
BRDA:51,2,0,0
BRDA:51,2,1,8
BRF:6
BRH:5
end_of_record
