TN:
SF:src\App.js
FN:11,App
FNF:1
FNH:1
FNDA:3,App
DA:35,3
DA:109,3
LF:2
LH:2
BRF:0
BRH:0
end_of_record
TN:
SF:src\components\ItemComponent.js
FN:4,(anonymous_0)
FNF:1
FNH:0
FNDA:0,(anonymous_0)
DA:4,0
DA:6,0
DA:19,0
LF:3
LH:0
BRF:0
BRH:0
end_of_record
TN:
SF:src\components\Search.js
FN:6,(anonymous_0)
FN:11,handleChange
FN:15,handleSubmit
FNF:3
FNH:1
FNDA:18,(anonymous_0)
FNDA:0,handleChange
FNDA:0,handleSubmit
DA:6,2
DA:8,18
DA:9,16
DA:12,0
DA:16,0
DA:17,0
DA:18,0
DA:21,16
LF:8
LH:4
BRF:0
BRH:0
end_of_record
TN:
SF:src\components\SearchResponse.js
FN:5,(anonymous_0)
FN:27,(anonymous_1)
FN:29,(anonymous_2)
FN:30,(anonymous_3)
FN:37,(anonymous_4)
FN:41,(anonymous_5)
FN:135,(anonymous_6)
FN:140,(anonymous_7)
FN:143,(anonymous_8)
FN:144,(anonymous_9)
FN:145,(anonymous_10)
FNF:11
FNH:0
FNDA:0,(anonymous_0)
FNDA:0,(anonymous_1)
FNDA:0,(anonymous_2)
FNDA:0,(anonymous_3)
FNDA:0,(anonymous_4)
FNDA:0,(anonymous_5)
FNDA:0,(anonymous_6)
FNDA:0,(anonymous_7)
FNDA:0,(anonymous_8)
FNDA:0,(anonymous_9)
FNDA:0,(anonymous_10)
DA:5,1
DA:11,0
DA:12,0
DA:14,0
DA:15,0
DA:16,0
DA:19,0
DA:23,0
DA:27,0
DA:28,0
DA:29,0
DA:30,0
DA:33,0
DA:34,0
DA:35,0
DA:37,0
DA:38,0
DA:41,0
DA:42,0
DA:43,0
DA:61,0
DA:136,0
DA:140,0
DA:143,0
DA:144,0
DA:145,0
LF:26
LH:1
BRDA:62,0,0,0
BRDA:62,0,1,0
BRDA:63,1,0,0
BRDA:63,1,1,0
BRDA:148,2,0,0
BRDA:148,2,1,0
BRF:6
BRH:0
end_of_record
